<?xml version="1.0" encoding="UTF-8"?>
<testsuites>
  <testsuite name="wsdl2phpgenerator" tests="37" assertions="90" failures="0" errors="0" time="0.018055">
    <testsuite name="ConfigTest" file="/Users/mathias/workspace/octopus-client/vendor/wsdl2phpgenerator/tests/ConfigTest.php" fullPackage="wsdl2phpTest" package="wsdl2phpTest" tests="14" assertions="23" failures="0" errors="0" time="0.006278">
      <testcase name="testGetNamespaceName" class="ConfigTest" file="/Users/mathias/workspace/octopus-client/vendor/wsdl2phpgenerator/tests/ConfigTest.php" line="44" assertions="1" time="0.002476"/>
      <testcase name="testGetOneFile" class="ConfigTest" file="/Users/mathias/workspace/octopus-client/vendor/wsdl2phpgenerator/tests/ConfigTest.php" line="53" assertions="1" time="0.000230"/>
      <testcase name="testGetClassExists" class="ConfigTest" file="/Users/mathias/workspace/octopus-client/vendor/wsdl2phpgenerator/tests/ConfigTest.php" line="61" assertions="1" time="0.000125"/>
      <testcase name="testGetOutputDir" class="ConfigTest" file="/Users/mathias/workspace/octopus-client/vendor/wsdl2phpgenerator/tests/ConfigTest.php" line="69" assertions="1" time="0.000171"/>
      <testcase name="testGetInputFile" class="ConfigTest" file="/Users/mathias/workspace/octopus-client/vendor/wsdl2phpgenerator/tests/ConfigTest.php" line="77" assertions="1" time="0.000164"/>
      <testcase name="testGetOptionFeatures" class="ConfigTest" file="/Users/mathias/workspace/octopus-client/vendor/wsdl2phpgenerator/tests/ConfigTest.php" line="85" assertions="4" time="0.000572"/>
      <testcase name="testGetWsdlCache" class="ConfigTest" file="/Users/mathias/workspace/octopus-client/vendor/wsdl2phpgenerator/tests/ConfigTest.php" line="98" assertions="2" time="0.000958"/>
      <testcase name="testGetCompression" class="ConfigTest" file="/Users/mathias/workspace/octopus-client/vendor/wsdl2phpgenerator/tests/ConfigTest.php" line="107" assertions="1" time="0.000167"/>
      <testcase name="testGetClassNames" class="ConfigTest" file="/Users/mathias/workspace/octopus-client/vendor/wsdl2phpgenerator/tests/ConfigTest.php" line="115" assertions="2" time="0.000370"/>
      <testcase name="testGetClassNamesArray" class="ConfigTest" file="/Users/mathias/workspace/octopus-client/vendor/wsdl2phpgenerator/tests/ConfigTest.php" line="124" assertions="5" time="0.000341"/>
      <testcase name="testGetNoTypeConstructor" class="ConfigTest" file="/Users/mathias/workspace/octopus-client/vendor/wsdl2phpgenerator/tests/ConfigTest.php" line="140" assertions="1" time="0.000119"/>
      <testcase name="testGetVerbose" class="ConfigTest" file="/Users/mathias/workspace/octopus-client/vendor/wsdl2phpgenerator/tests/ConfigTest.php" line="148" assertions="1" time="0.000225"/>
      <testcase name="testGetPrefix" class="ConfigTest" file="/Users/mathias/workspace/octopus-client/vendor/wsdl2phpgenerator/tests/ConfigTest.php" line="156" assertions="1" time="0.000179"/>
      <testcase name="testGetSuffix" class="ConfigTest" file="/Users/mathias/workspace/octopus-client/vendor/wsdl2phpgenerator/tests/ConfigTest.php" line="164" assertions="1" time="0.000181"/>
    </testsuite>
    <testsuite name="ValidatorTest" file="/Users/mathias/workspace/octopus-client/vendor/wsdl2phpgenerator/tests/ValidatorTest.php" fullPackage="wsdl2phpTest" package="wsdl2phpTest" tests="5" assertions="28" failures="0" errors="0" time="0.003232">
      <testcase name="testValidateClass" class="ValidatorTest" file="/Users/mathias/workspace/octopus-client/vendor/wsdl2phpgenerator/tests/ValidatorTest.php" line="44" assertions="5" time="0.000954"/>
      <testcase name="testValidateClassReservedKeyword" class="ValidatorTest" file="/Users/mathias/workspace/octopus-client/vendor/wsdl2phpgenerator/tests/ValidatorTest.php" line="61" assertions="1" time="0.000272"/>
      <testcase name="testValidateClassReservedKeyword2" class="ValidatorTest" file="/Users/mathias/workspace/octopus-client/vendor/wsdl2phpgenerator/tests/ValidatorTest.php" line="71" assertions="1" time="0.000265"/>
      <testcase name="testValidateType" class="ValidatorTest" file="/Users/mathias/workspace/octopus-client/vendor/wsdl2phpgenerator/tests/ValidatorTest.php" line="80" assertions="14" time="0.001175"/>
      <testcase name="testValidateNamingConvention" class="ValidatorTest" file="/Users/mathias/workspace/octopus-client/vendor/wsdl2phpgenerator/tests/ValidatorTest.php" line="104" assertions="7" time="0.000566"/>
    </testsuite>
    <testsuite name="CliParserTest" file="/Users/mathias/workspace/octopus-client/vendor/wsdl2phpgenerator/tests/lib/cli/CliParserTest.php" fullPackage="cliTest" package="cliTest" tests="1" assertions="8" failures="0" errors="0" time="0.000549">
      <testcase name="testParse" class="CliParserTest" file="/Users/mathias/workspace/octopus-client/vendor/wsdl2phpgenerator/tests/lib/cli/CliParserTest.php" line="45" assertions="8" time="0.000549"/>
    </testsuite>
    <testsuite name="CliTest" file="/Users/mathias/workspace/octopus-client/vendor/wsdl2phpgenerator/tests/lib/cli/CliTest.php" fullPackage="cliTest" package="cliTest" tests="6" assertions="9" failures="0" errors="0" time="0.002237">
      <testcase name="testAddFlag" class="CliTest" file="/Users/mathias/workspace/octopus-client/vendor/wsdl2phpgenerator/tests/lib/cli/CliTest.php" line="43" assertions="1" time="0.000266"/>
      <testcase name="testAddFlag2" class="CliTest" file="/Users/mathias/workspace/octopus-client/vendor/wsdl2phpgenerator/tests/lib/cli/CliTest.php" line="53" assertions="1" time="0.000328"/>
      <testcase name="testAddAlias" class="CliTest" file="/Users/mathias/workspace/octopus-client/vendor/wsdl2phpgenerator/tests/lib/cli/CliTest.php" line="65" assertions="1" time="0.000261"/>
      <testcase name="testAddAlias2" class="CliTest" file="/Users/mathias/workspace/octopus-client/vendor/wsdl2phpgenerator/tests/lib/cli/CliTest.php" line="77" assertions="1" time="0.000264"/>
      <testcase name="testValidate" class="CliTest" file="/Users/mathias/workspace/octopus-client/vendor/wsdl2phpgenerator/tests/lib/cli/CliTest.php" line="89" assertions="0" time="0.000359"/>
      <testcase name="testGetValue" class="CliTest" file="/Users/mathias/workspace/octopus-client/vendor/wsdl2phpgenerator/tests/lib/cli/CliTest.php" line="99" assertions="5" time="0.000760"/>
    </testsuite>
    <testsuite name="FlagTest" file="/Users/mathias/workspace/octopus-client/vendor/wsdl2phpgenerator/tests/lib/cli/FlagTest.php" fullPackage="cliTest" package="cliTest" tests="5" assertions="12" failures="0" errors="0" time="0.001506">
      <testcase name="testAddAlias" class="FlagTest" file="/Users/mathias/workspace/octopus-client/vendor/wsdl2phpgenerator/tests/lib/cli/FlagTest.php" line="43" assertions="6" time="0.000576"/>
      <testcase name="testAddAlias2" class="FlagTest" file="/Users/mathias/workspace/octopus-client/vendor/wsdl2phpgenerator/tests/lib/cli/FlagTest.php" line="62" assertions="1" time="0.000246"/>
      <testcase name="testGetName" class="FlagTest" file="/Users/mathias/workspace/octopus-client/vendor/wsdl2phpgenerator/tests/lib/cli/FlagTest.php" line="72" assertions="1" time="0.000160"/>
      <testcase name="testIsBool" class="FlagTest" file="/Users/mathias/workspace/octopus-client/vendor/wsdl2phpgenerator/tests/lib/cli/FlagTest.php" line="80" assertions="2" time="0.000136"/>
      <testcase name="testToString" class="FlagTest" file="/Users/mathias/workspace/octopus-client/vendor/wsdl2phpgenerator/tests/lib/cli/FlagTest.php" line="90" assertions="2" time="0.000388"/>
    </testsuite>
    <testsuite name="FileConfigTest" file="/Users/mathias/workspace/octopus-client/vendor/wsdl2phpgenerator/tests/lib/config/FileConfigTest.php" fullPackage="configTest" package="configTest" tests="6" assertions="10" failures="0" errors="0" time="0.004254">
      <testcase name="testSet" class="FileConfigTest" file="/Users/mathias/workspace/octopus-client/vendor/wsdl2phpgenerator/tests/lib/config/FileConfigTest.php" line="53" assertions="2" time="0.001887"/>
      <testcase name="testSetBuffer" class="FileConfigTest" file="/Users/mathias/workspace/octopus-client/vendor/wsdl2phpgenerator/tests/lib/config/FileConfigTest.php" line="63" assertions="2" time="0.000583"/>
      <testcase name="testInvalidFile" class="FileConfigTest" file="/Users/mathias/workspace/octopus-client/vendor/wsdl2phpgenerator/tests/lib/config/FileConfigTest.php" line="74" assertions="1" time="0.000474"/>
      <testcase name="testNoFile" class="FileConfigTest" file="/Users/mathias/workspace/octopus-client/vendor/wsdl2phpgenerator/tests/lib/config/FileConfigTest.php" line="84" assertions="1" time="0.000405"/>
      <testcase name="testGet" class="FileConfigTest" file="/Users/mathias/workspace/octopus-client/vendor/wsdl2phpgenerator/tests/lib/config/FileConfigTest.php" line="94" assertions="2" time="0.000539"/>
      <testcase name="testExists" class="FileConfigTest" file="/Users/mathias/workspace/octopus-client/vendor/wsdl2phpgenerator/tests/lib/config/FileConfigTest.php" line="104" assertions="2" time="0.000366"/>
    </testsuite>
  </testsuite>
</testsuites>
